<?xml version="1.0" encoding="UTF-8"?>
<testsuite xmlns:xsi="http://www.w3.org/2001/XMLSchema-instance" xsi:noNamespaceSchemaLocation="https://maven.apache.org/surefire/maven-surefire-plugin/xsd/surefire-test-report.xsd" name="org.acme.testscenario.KogitoScenarioJunitActivatorTest" time="2.823" tests="2" errors="0" skipped="0" failures="0">
  <properties>
    <property name="java.specification.version" value="21"/>
    <property name="sun.cpu.isalist" value="amd64"/>
    <property name="sun.jnu.encoding" value="Cp1252"/>
    <property name="java.class.path" value="C:\Users\Amos Khaled\Desktop\trafficViolationProcess\target\test-classes;C:\Users\Amos Khaled\Desktop\trafficViolationProcess\target\classes;C:\Users\Amos Khaled\.m2\repository\org\kie\kogito\kogito-spring-boot-starter\1.44.0.Final\kogito-spring-boot-starter-1.44.0.Final.jar;C:\Users\Amos Khaled\.m2\repository\org\kie\kogito\kogito-rules-spring-boot-starter\1.44.0.Final\kogito-rules-spring-boot-starter-1.44.0.Final.jar;C:\Users\Amos Khaled\.m2\repository\org\kie\kogito\kogito-processes-spring-boot-starter\1.44.0.Final\kogito-processes-spring-boot-starter-1.44.0.Final.jar;C:\Users\Amos Khaled\.m2\repository\org\kie\kogito\jbpm-bpmn2\1.44.0.Final\jbpm-bpmn2-1.44.0.Final.jar;C:\Users\Amos Khaled\.m2\repository\org\kie\kogito\jbpm-flow-builder\1.44.0.Final\jbpm-flow-builder-1.44.0.Final.jar;C:\Users\Amos Khaled\.m2\repository\org\kie\kie-dmn-feel\8.44.0.Final\kie-dmn-feel-8.44.0.Final.jar;C:\Users\Amos Khaled\.m2\repository\ch\obermuhlner\big-math\2.0.1\big-math-2.0.1.jar;C:\Users\Amos Khaled\.m2\repository\org\kie\kogito\kogito-rest-workitem\1.44.0.Final\kogito-rest-workitem-1.44.0.Final.jar;C:\Users\Amos Khaled\.m2\repository\org\kie\kogito\jbpm-flow\1.44.0.Final\jbpm-flow-1.44.0.Final.jar;C:\Users\Amos Khaled\.m2\repository\org\kie\kogito\kogito-events-api\1.44.0.Final\kogito-events-api-1.44.0.Final.jar;C:\Users\Amos Khaled\.m2\repository\io\cloudevents\cloudevents-core\2.3.0\cloudevents-core-2.3.0.jar;C:\Users\Amos Khaled\.m2\repository\org\kie\kogito\kogito-services\1.44.0.Final\kogito-services-1.44.0.Final.jar;C:\Users\Amos Khaled\.m2\repository\org\kie\kogito\kogito-events-core\1.44.0.Final\kogito-events-core-1.44.0.Final.jar;C:\Users\Amos Khaled\.m2\repository\org\kie\kogito\kogito-timer\1.44.0.Final\kogito-timer-1.44.0.Final.jar;C:\Users\Amos Khaled\.m2\repository\org\kie\kogito\process-workitems\1.44.0.Final\process-workitems-1.44.0.Final.jar;C:\Users\Amos Khaled\.m2\repository\org\kie\kogito\kogito-rest-utils\1.44.0.Final\kogito-rest-utils-1.44.0.Final.jar;C:\Users\Amos Khaled\.m2\repository\io\smallrye\reactive\smallrye-mutiny-vertx-auth-oauth2\2.30.1\smallrye-mutiny-vertx-auth-oauth2-2.30.1.jar;C:\Users\Amos Khaled\.m2\repository\io\vertx\vertx-auth-oauth2\4.3.6\vertx-auth-oauth2-4.3.6.jar;C:\Users\Amos Khaled\.m2\repository\io\smallrye\reactive\smallrye-mutiny-vertx-web-client\2.30.1\smallrye-mutiny-vertx-web-client-2.30.1.jar;C:\Users\Amos Khaled\.m2\repository\io\vertx\vertx-web-client\4.3.6\vertx-web-client-4.3.6.jar;C:\Users\Amos Khaled\.m2\repository\io\vertx\vertx-uri-template\4.3.6\vertx-uri-template-4.3.6.jar;C:\Users\Amos Khaled\.m2\repository\io\vertx\vertx-web-common\4.3.6\vertx-web-common-4.3.6.jar;C:\Users\Amos Khaled\.m2\repository\io\vertx\vertx-auth-common\4.3.6\vertx-auth-common-4.3.6.jar;C:\Users\Amos Khaled\.m2\repository\io\vertx\vertx-core\4.3.6\vertx-core-4.3.6.jar;C:\Users\Amos Khaled\.m2\repository\io\netty\netty-common\4.1.75.Final\netty-common-4.1.75.Final.jar;C:\Users\Amos Khaled\.m2\repository\io\netty\netty-buffer\4.1.75.Final\netty-buffer-4.1.75.Final.jar;C:\Users\Amos Khaled\.m2\repository\io\netty\netty-transport\4.1.75.Final\netty-transport-4.1.75.Final.jar;C:\Users\Amos Khaled\.m2\repository\io\netty\netty-handler\4.1.75.Final\netty-handler-4.1.75.Final.jar;C:\Users\Amos Khaled\.m2\repository\io\netty\netty-codec\4.1.75.Final\netty-codec-4.1.75.Final.jar;C:\Users\Amos Khaled\.m2\repository\io\netty\netty-handler-proxy\4.1.75.Final\netty-handler-proxy-4.1.75.Final.jar;C:\Users\Amos Khaled\.m2\repository\io\netty\netty-codec-socks\4.1.75.Final\netty-codec-socks-4.1.75.Final.jar;C:\Users\Amos Khaled\.m2\repository\io\netty\netty-codec-http\4.1.75.Final\netty-codec-http-4.1.75.Final.jar;C:\Users\Amos Khaled\.m2\repository\io\netty\netty-codec-http2\4.1.75.Final\netty-codec-http2-4.1.75.Final.jar;C:\Users\Amos Khaled\.m2\repository\io\netty\netty-resolver\4.1.75.Final\netty-resolver-4.1.75.Final.jar;C:\Users\Amos Khaled\.m2\repository\io\netty\netty-resolver-dns\4.1.75.Final\netty-resolver-dns-4.1.75.Final.jar;C:\Users\Amos Khaled\.m2\repository\io\netty\netty-codec-dns\4.1.75.Final\netty-codec-dns-4.1.75.Final.jar;C:\Users\Amos Khaled\.m2\repository\io\smallrye\reactive\smallrye-mutiny-vertx-core\2.30.1\smallrye-mutiny-vertx-core-2.30.1.jar;C:\Users\Amos Khaled\.m2\repository\io\smallrye\reactive\mutiny\1.8.0\mutiny-1.8.0.jar;C:\Users\Amos Khaled\.m2\repository\org\reactivestreams\reactive-streams\1.0.3\reactive-streams-1.0.3.jar;C:\Users\Amos Khaled\.m2\repository\io\smallrye\common\smallrye-common-annotation\1.13.0\smallrye-common-annotation-1.13.0.jar;C:\Users\Amos Khaled\.m2\repository\io\smallrye\reactive\smallrye-mutiny-vertx-runtime\2.30.1\smallrye-mutiny-vertx-runtime-2.30.1.jar;C:\Users\Amos Khaled\.m2\repository\io\smallrye\reactive\vertx-mutiny-generator\2.30.1\vertx-mutiny-generator-2.30.1.jar;C:\Users\Amos Khaled\.m2\repository\io\vertx\vertx-codegen\4.3.6\vertx-codegen-4.3.6.jar;C:\Users\Amos Khaled\.m2\repository\io\smallrye\reactive\smallrye-mutiny-vertx-auth-common\2.30.1\smallrye-mutiny-vertx-auth-common-2.30.1.jar;C:\Users\Amos Khaled\.m2\repository\io\smallrye\reactive\smallrye-mutiny-vertx-web-common\2.30.1\smallrye-mutiny-vertx-web-common-2.30.1.jar;C:\Users\Amos Khaled\.m2\repository\io\smallrye\reactive\smallrye-mutiny-vertx-uri-template\2.30.1\smallrye-mutiny-vertx-uri-template-2.30.1.jar;C:\Users\Amos Khaled\.m2\repository\org\kie\kogito\kogito-jackson-utils\1.44.0.Final\kogito-jackson-utils-1.44.0.Final.jar;C:\Users\Amos Khaled\.m2\repository\io\cloudevents\cloudevents-json-jackson\2.3.0\cloudevents-json-jackson-2.3.0.jar;C:\Users\Amos Khaled\.m2\repository\org\springframework\security\spring-security-core\5.6.2\spring-security-core-5.6.2.jar;C:\Users\Amos Khaled\.m2\repository\org\springframework\security\spring-security-crypto\5.6.2\spring-security-crypto-5.6.2.jar;C:\Users\Amos Khaled\.m2\repository\org\springframework\spring-aop\5.3.18\spring-aop-5.3.18.jar;C:\Users\Amos Khaled\.m2\repository\org\springframework\spring-beans\5.3.18\spring-beans-5.3.18.jar;C:\Users\Amos Khaled\.m2\repository\org\springframework\spring-expression\5.3.18\spring-expression-5.3.18.jar;C:\Users\Amos Khaled\.m2\repository\org\kie\kogito\kogito-decisions-spring-boot-starter\1.44.0.Final\kogito-decisions-spring-boot-starter-1.44.0.Final.jar;C:\Users\Amos Khaled\.m2\repository\org\kie\kogito\kogito-predictions-spring-boot-starter\1.44.0.Final\kogito-predictions-spring-boot-starter-1.44.0.Final.jar;C:\Users\Amos Khaled\.m2\repository\org\springframework\boot\spring-boot-starter-web\2.6.6\spring-boot-starter-web-2.6.6.jar;C:\Users\Amos Khaled\.m2\repository\org\springframework\boot\spring-boot-starter-json\2.6.6\spring-boot-starter-json-2.6.6.jar;C:\Users\Amos Khaled\.m2\repository\com\fasterxml\jackson\datatype\jackson-datatype-jdk8\2.14.2\jackson-datatype-jdk8-2.14.2.jar;C:\Users\Amos Khaled\.m2\repository\com\fasterxml\jackson\module\jackson-module-parameter-names\2.14.2\jackson-module-parameter-names-2.14.2.jar;C:\Users\Amos Khaled\.m2\repository\org\springframework\boot\spring-boot-starter-tomcat\2.6.6\spring-boot-starter-tomcat-2.6.6.jar;C:\Users\Amos Khaled\.m2\repository\org\apache\tomcat\embed\tomcat-embed-core\9.0.60\tomcat-embed-core-9.0.60.jar;C:\Users\Amos Khaled\.m2\repository\org\apache\tomcat\embed\tomcat-embed-el\9.0.60\tomcat-embed-el-9.0.60.jar;C:\Users\Amos Khaled\.m2\repository\org\apache\tomcat\embed\tomcat-embed-websocket\9.0.60\tomcat-embed-websocket-9.0.60.jar;C:\Users\Amos Khaled\.m2\repository\org\springframework\spring-web\5.3.18\spring-web-5.3.18.jar;C:\Users\Amos Khaled\.m2\repository\org\springframework\spring-webmvc\5.3.18\spring-webmvc-5.3.18.jar;C:\Users\Amos Khaled\.m2\repository\org\kie\kogito\kogito-api\1.44.0.Final\kogito-api-1.44.0.Final.jar;C:\Users\Amos Khaled\.m2\repository\org\slf4j\slf4j-api\1.7.36\slf4j-api-1.7.36.jar;C:\Users\Amos Khaled\.m2\repository\org\kie\kie-api\8.44.0.Final\kie-api-8.44.0.Final.jar;C:\Users\Amos Khaled\.m2\repository\com\fasterxml\jackson\core\jackson-annotations\2.14.2\jackson-annotations-2.14.2.jar;C:\Users\Amos Khaled\.m2\repository\io\cloudevents\cloudevents-api\2.3.0\cloudevents-api-2.3.0.jar;C:\Users\Amos Khaled\.m2\repository\javax\xml\bind\jaxb-api\2.3.1\jaxb-api-2.3.1.jar;C:\Users\Amos Khaled\.m2\repository\javax\activation\javax.activation-api\1.2.0\javax.activation-api-1.2.0.jar;C:\Users\Amos Khaled\.m2\repository\com\sun\activation\javax.activation\1.2.0\javax.activation-1.2.0.jar;C:\Users\Amos Khaled\.m2\repository\io\swagger\core\v3\swagger-annotations\2.2.7\swagger-annotations-2.2.7.jar;C:\Users\Amos Khaled\.m2\repository\org\springdoc\springdoc-openapi-ui\1.6.14\springdoc-openapi-ui-1.6.14.jar;C:\Users\Amos Khaled\.m2\repository\org\springdoc\springdoc-openapi-webmvc-core\1.6.14\springdoc-openapi-webmvc-core-1.6.14.jar;C:\Users\Amos Khaled\.m2\repository\org\springdoc\springdoc-openapi-common\1.6.14\springdoc-openapi-common-1.6.14.jar;C:\Users\Amos Khaled\.m2\repository\io\swagger\core\v3\swagger-core\2.2.7\swagger-core-2.2.7.jar;C:\Users\Amos Khaled\.m2\repository\com\fasterxml\jackson\dataformat\jackson-dataformat-yaml\2.14.2\jackson-dataformat-yaml-2.14.2.jar;C:\Users\Amos Khaled\.m2\repository\io\swagger\core\v3\swagger-models\2.2.7\swagger-models-2.2.7.jar;C:\Users\Amos Khaled\.m2\repository\jakarta\validation\jakarta.validation-api\2.0.2\jakarta.validation-api-2.0.2.jar;C:\Users\Amos Khaled\.m2\repository\org\webjars\swagger-ui\4.15.5\swagger-ui-4.15.5.jar;C:\Users\Amos Khaled\.m2\repository\org\webjars\webjars-locator-core\0.48\webjars-locator-core-0.48.jar;C:\Users\Amos Khaled\.m2\repository\com\fasterxml\jackson\core\jackson-core\2.14.2\jackson-core-2.14.2.jar;C:\Users\Amos Khaled\.m2\repository\io\github\classgraph\classgraph\4.8.149\classgraph-4.8.149.jar;C:\Users\Amos Khaled\.m2\repository\org\springframework\boot\spring-boot-starter\2.6.6\spring-boot-starter-2.6.6.jar;C:\Users\Amos Khaled\.m2\repository\org\springframework\boot\spring-boot\2.6.6\spring-boot-2.6.6.jar;C:\Users\Amos Khaled\.m2\repository\org\springframework\spring-context\5.3.18\spring-context-5.3.18.jar;C:\Users\Amos Khaled\.m2\repository\org\springframework\boot\spring-boot-autoconfigure\2.6.6\spring-boot-autoconfigure-2.6.6.jar;C:\Users\Amos Khaled\.m2\repository\org\springframework\boot\spring-boot-starter-logging\2.6.6\spring-boot-starter-logging-2.6.6.jar;C:\Users\Amos Khaled\.m2\repository\ch\qos\logback\logback-classic\1.2.11\logback-classic-1.2.11.jar;C:\Users\Amos Khaled\.m2\repository\ch\qos\logback\logback-core\1.2.11\logback-core-1.2.11.jar;C:\Users\Amos Khaled\.m2\repository\org\apache\logging\log4j\log4j-to-slf4j\2.17.2\log4j-to-slf4j-2.17.2.jar;C:\Users\Amos Khaled\.m2\repository\org\apache\logging\log4j\log4j-api\2.17.2\log4j-api-2.17.2.jar;C:\Users\Amos Khaled\.m2\repository\org\slf4j\jul-to-slf4j\1.7.36\jul-to-slf4j-1.7.36.jar;C:\Users\Amos Khaled\.m2\repository\jakarta\annotation\jakarta.annotation-api\1.3.5\jakarta.annotation-api-1.3.5.jar;C:\Users\Amos Khaled\.m2\repository\org\springframework\spring-core\5.3.18\spring-core-5.3.18.jar;C:\Users\Amos Khaled\.m2\repository\org\springframework\spring-jcl\5.3.18\spring-jcl-5.3.18.jar;C:\Users\Amos Khaled\.m2\repository\org\yaml\snakeyaml\1.29\snakeyaml-1.29.jar;C:\Users\Amos Khaled\.m2\repository\org\springframework\boot\spring-boot-starter-actuator\2.6.6\spring-boot-starter-actuator-2.6.6.jar;C:\Users\Amos Khaled\.m2\repository\org\springframework\boot\spring-boot-actuator-autoconfigure\2.6.6\spring-boot-actuator-autoconfigure-2.6.6.jar;C:\Users\Amos Khaled\.m2\repository\org\springframework\boot\spring-boot-actuator\2.6.6\spring-boot-actuator-2.6.6.jar;C:\Users\Amos Khaled\.m2\repository\com\fasterxml\jackson\core\jackson-databind\2.14.2\jackson-databind-2.14.2.jar;C:\Users\Amos Khaled\.m2\repository\com\fasterxml\jackson\datatype\jackson-datatype-jsr310\2.14.2\jackson-datatype-jsr310-2.14.2.jar;C:\Users\Amos Khaled\.m2\repository\io\micrometer\micrometer-core\1.10.2\micrometer-core-1.10.2.jar;C:\Users\Amos Khaled\.m2\repository\io\micrometer\micrometer-commons\1.10.2\micrometer-commons-1.10.2.jar;C:\Users\Amos Khaled\.m2\repository\io\micrometer\micrometer-observation\1.10.2\micrometer-observation-1.10.2.jar;C:\Users\Amos Khaled\.m2\repository\org\hdrhistogram\HdrHistogram\2.1.12\HdrHistogram-2.1.12.jar;C:\Users\Amos Khaled\.m2\repository\org\latencyutils\LatencyUtils\2.0.3\LatencyUtils-2.0.3.jar;C:\Users\Amos Khaled\.m2\repository\org\springframework\boot\spring-boot-starter-test\2.6.6\spring-boot-starter-test-2.6.6.jar;C:\Users\Amos Khaled\.m2\repository\org\springframework\boot\spring-boot-test\2.6.6\spring-boot-test-2.6.6.jar;C:\Users\Amos Khaled\.m2\repository\org\springframework\boot\spring-boot-test-autoconfigure\2.6.6\spring-boot-test-autoconfigure-2.6.6.jar;C:\Users\Amos Khaled\.m2\repository\com\jayway\jsonpath\json-path\2.6.0\json-path-2.6.0.jar;C:\Users\Amos Khaled\.m2\repository\net\minidev\json-smart\2.4.8\json-smart-2.4.8.jar;C:\Users\Amos Khaled\.m2\repository\net\minidev\accessors-smart\2.4.8\accessors-smart-2.4.8.jar;C:\Users\Amos Khaled\.m2\repository\org\ow2\asm\asm\9.1\asm-9.1.jar;C:\Users\Amos Khaled\.m2\repository\jakarta\xml\bind\jakarta.xml.bind-api\2.3.3\jakarta.xml.bind-api-2.3.3.jar;C:\Users\Amos Khaled\.m2\repository\jakarta\activation\jakarta.activation-api\1.2.2\jakarta.activation-api-1.2.2.jar;C:\Users\Amos Khaled\.m2\repository\org\assertj\assertj-core\3.21.0\assertj-core-3.21.0.jar;C:\Users\Amos Khaled\.m2\repository\org\hamcrest\hamcrest\2.2\hamcrest-2.2.jar;C:\Users\Amos Khaled\.m2\repository\org\junit\jupiter\junit-jupiter\5.9.2\junit-jupiter-5.9.2.jar;C:\Users\Amos Khaled\.m2\repository\org\junit\jupiter\junit-jupiter-api\5.9.2\junit-jupiter-api-5.9.2.jar;C:\Users\Amos Khaled\.m2\repository\org\opentest4j\opentest4j\1.2.0\opentest4j-1.2.0.jar;C:\Users\Amos Khaled\.m2\repository\org\junit\platform\junit-platform-commons\1.9.2\junit-platform-commons-1.9.2.jar;C:\Users\Amos Khaled\.m2\repository\org\junit\jupiter\junit-jupiter-params\5.9.2\junit-jupiter-params-5.9.2.jar;C:\Users\Amos Khaled\.m2\repository\org\junit\jupiter\junit-jupiter-engine\5.9.2\junit-jupiter-engine-5.9.2.jar;C:\Users\Amos Khaled\.m2\repository\org\mockito\mockito-core\4.0.0\mockito-core-4.0.0.jar;C:\Users\Amos Khaled\.m2\repository\net\bytebuddy\byte-buddy\1.11.22\byte-buddy-1.11.22.jar;C:\Users\Amos Khaled\.m2\repository\net\bytebuddy\byte-buddy-agent\1.11.22\byte-buddy-agent-1.11.22.jar;C:\Users\Amos Khaled\.m2\repository\org\objenesis\objenesis\3.2\objenesis-3.2.jar;C:\Users\Amos Khaled\.m2\repository\org\mockito\mockito-junit-jupiter\4.0.0\mockito-junit-jupiter-4.0.0.jar;C:\Users\Amos Khaled\.m2\repository\org\skyscreamer\jsonassert\1.5.0\jsonassert-1.5.0.jar;C:\Users\Amos Khaled\.m2\repository\com\vaadin\external\google\android-json\0.0.20131108.vaadin1\android-json-0.0.20131108.vaadin1.jar;C:\Users\Amos Khaled\.m2\repository\org\springframework\spring-test\5.3.18\spring-test-5.3.18.jar;C:\Users\Amos Khaled\.m2\repository\org\xmlunit\xmlunit-core\2.8.4\xmlunit-core-2.8.4.jar;C:\Users\Amos Khaled\.m2\repository\io\rest-assured\rest-assured\4.4.0\rest-assured-4.4.0.jar;C:\Users\Amos Khaled\.m2\repository\org\codehaus\groovy\groovy\3.0.10\groovy-3.0.10.jar;C:\Users\Amos Khaled\.m2\repository\org\codehaus\groovy\groovy-xml\3.0.10\groovy-xml-3.0.10.jar;C:\Users\Amos Khaled\.m2\repository\org\apache\httpcomponents\httpclient\4.5.13\httpclient-4.5.13.jar;C:\Users\Amos Khaled\.m2\repository\org\apache\httpcomponents\httpcore\4.4.15\httpcore-4.4.15.jar;C:\Users\Amos Khaled\.m2\repository\commons-codec\commons-codec\1.15\commons-codec-1.15.jar;C:\Users\Amos Khaled\.m2\repository\org\apache\httpcomponents\httpmime\4.5.13\httpmime-4.5.13.jar;C:\Users\Amos Khaled\.m2\repository\org\ccil\cowan\tagsoup\tagsoup\1.2.1\tagsoup-1.2.1.jar;C:\Users\Amos Khaled\.m2\repository\io\rest-assured\json-path\4.4.0\json-path-4.4.0.jar;C:\Users\Amos Khaled\.m2\repository\org\codehaus\groovy\groovy-json\3.0.10\groovy-json-3.0.10.jar;C:\Users\Amos Khaled\.m2\repository\io\rest-assured\rest-assured-common\4.4.0\rest-assured-common-4.4.0.jar;C:\Users\Amos Khaled\.m2\repository\io\rest-assured\xml-path\4.4.0\xml-path-4.4.0.jar;C:\Users\Amos Khaled\.m2\repository\org\apache\commons\commons-lang3\3.12.0\commons-lang3-3.12.0.jar;C:\Users\Amos Khaled\.m2\repository\com\sun\xml\bind\jaxb-impl\2.3.5\jaxb-impl-2.3.5.jar;C:\Users\Amos Khaled\.m2\repository\org\projectlombok\lombok\1.18.32\lombok-1.18.32.jar;C:\Users\Amos Khaled\.m2\repository\org\kie\kogito\kogito-scenario-simulation\1.44.0.Final\kogito-scenario-simulation-1.44.0.Final.jar;C:\Users\Amos Khaled\.m2\repository\org\kie\kogito\kogito-dmn\1.44.0.Final\kogito-dmn-1.44.0.Final.jar;C:\Users\Amos Khaled\.m2\repository\org\kie\kie-dmn-core\8.44.0.Final\kie-dmn-core-8.44.0.Final.jar;C:\Users\Amos Khaled\.m2\repository\org\kie\kie-dmn-api\8.44.0.Final\kie-dmn-api-8.44.0.Final.jar;C:\Users\Amos Khaled\.m2\repository\org\kie\kie-dmn-model\8.44.0.Final\kie-dmn-model-8.44.0.Final.jar;C:\Users\Amos Khaled\.m2\repository\org\kie\kie-dmn-backend\8.44.0.Final\kie-dmn-backend-8.44.0.Final.jar;C:\Users\Amos Khaled\.m2\repository\org\kie\kie-memory-compiler\8.44.0.Final\kie-memory-compiler-8.44.0.Final.jar;C:\Users\Amos Khaled\.m2\repository\org\drools\drools-model-compiler\8.44.0.Final\drools-model-compiler-8.44.0.Final.jar;C:\Users\Amos Khaled\.m2\repository\com\github\javaparser\javaparser-core\3.24.2\javaparser-core-3.24.2.jar;C:\Users\Amos Khaled\.m2\repository\org\drools\drools-mvel-parser\8.44.0.Final\drools-mvel-parser-8.44.0.Final.jar;C:\Users\Amos Khaled\.m2\repository\org\drools\drools-alphanetwork-compiler\8.44.0.Final\drools-alphanetwork-compiler-8.44.0.Final.jar;C:\Users\Amos Khaled\.m2\repository\org\kie\efesto-runtime-manager-core\8.44.0.Final\efesto-runtime-manager-core-8.44.0.Final.jar;C:\Users\Amos Khaled\.m2\repository\org\kie\efesto-common-utils\8.44.0.Final\efesto-common-utils-8.44.0.Final.jar;C:\Users\Amos Khaled\.m2\repository\org\antlr\antlr4-runtime\4.10.1\antlr4-runtime-4.10.1.jar;C:\Users\Amos Khaled\.m2\repository\org\jpmml\pmml-model\1.5.1\pmml-model-1.5.1.jar;C:\Users\Amos Khaled\.m2\repository\org\jpmml\pmml-agent\1.5.1\pmml-agent-1.5.1.jar;C:\Users\Amos Khaled\.m2\repository\org\kie\kie-dmn-validation\8.44.0.Final\kie-dmn-validation-8.44.0.Final.jar;C:\Users\Amos Khaled\.m2\repository\org\kie\kogito\kogito-pmml\1.44.0.Final\kogito-pmml-1.44.0.Final.jar;C:\Users\Amos Khaled\.m2\repository\org\kie\kie-pmml-dependencies\8.44.0.Final\kie-pmml-dependencies-8.44.0.Final.jar;C:\Users\Amos Khaled\.m2\repository\org\kie\kie-pmml-api\8.44.0.Final\kie-pmml-api-8.44.0.Final.jar;C:\Users\Amos Khaled\.m2\repository\org\apache\commons\commons-math3\3.4.1\commons-math3-3.4.1.jar;C:\Users\Amos Khaled\.m2\repository\org\kie\kie-pmml-commons\8.44.0.Final\kie-pmml-commons-8.44.0.Final.jar;C:\Users\Amos Khaled\.m2\repository\org\apache\commons\commons-text\1.10.0\commons-text-1.10.0.jar;C:\Users\Amos Khaled\.m2\repository\org\kie\kie-pmml-compiler-api\8.44.0.Final\kie-pmml-compiler-api-8.44.0.Final.jar;C:\Users\Amos Khaled\.m2\repository\org\glassfish\jaxb\jaxb-runtime\2.3.6\jaxb-runtime-2.3.6.jar;C:\Users\Amos Khaled\.m2\repository\org\glassfish\jaxb\txw2\2.3.6\txw2-2.3.6.jar;C:\Users\Amos Khaled\.m2\repository\com\sun\istack\istack-commons-runtime\3.0.12\istack-commons-runtime-3.0.12.jar;C:\Users\Amos Khaled\.m2\repository\com\sun\activation\jakarta.activation\1.2.2\jakarta.activation-1.2.2.jar;C:\Users\Amos Khaled\.m2\repository\org\kie\kie-pmml-compiler-core\8.44.0.Final\kie-pmml-compiler-core-8.44.0.Final.jar;C:\Users\Amos Khaled\.m2\repository\org\kie\kie-pmml-compiler-commons\8.44.0.Final\kie-pmml-compiler-commons-8.44.0.Final.jar;C:\Users\Amos Khaled\.m2\repository\org\kie\kie-pmml-evaluator-api\8.44.0.Final\kie-pmml-evaluator-api-8.44.0.Final.jar;C:\Users\Amos Khaled\.m2\repository\org\kie\kie-pmml-evaluator-core\8.44.0.Final\kie-pmml-evaluator-core-8.44.0.Final.jar;C:\Users\Amos Khaled\.m2\repository\org\kie\kie-pmml-evaluator-utils\8.44.0.Final\kie-pmml-evaluator-utils-8.44.0.Final.jar;C:\Users\Amos Khaled\.m2\repository\org\kie\kie-pmml-models-drools-common\8.44.0.Final\kie-pmml-models-drools-common-8.44.0.Final.jar;C:\Users\Amos Khaled\.m2\repository\org\kie\kie-pmml-models-regression-model\8.44.0.Final\kie-pmml-models-regression-model-8.44.0.Final.jar;C:\Users\Amos Khaled\.m2\repository\org\kie\kie-pmml-models-regression-compiler\8.44.0.Final\kie-pmml-models-regression-compiler-8.44.0.Final.jar;C:\Users\Amos Khaled\.m2\repository\org\kie\kie-pmml-models-regression-evaluator\8.44.0.Final\kie-pmml-models-regression-evaluator-8.44.0.Final.jar;C:\Users\Amos Khaled\.m2\repository\org\kie\kie-pmml-models-mining-model\8.44.0.Final\kie-pmml-models-mining-model-8.44.0.Final.jar;C:\Users\Amos Khaled\.m2\repository\org\kie\kie-pmml-models-mining-compiler\8.44.0.Final\kie-pmml-models-mining-compiler-8.44.0.Final.jar;C:\Users\Amos Khaled\.m2\repository\org\kie\kie-pmml-models-mining-evaluator\8.44.0.Final\kie-pmml-models-mining-evaluator-8.44.0.Final.jar;C:\Users\Amos Khaled\.m2\repository\org\kie\kie-pmml-models-clustering-model\8.44.0.Final\kie-pmml-models-clustering-model-8.44.0.Final.jar;C:\Users\Amos Khaled\.m2\repository\org\kie\kie-pmml-models-clustering-compiler\8.44.0.Final\kie-pmml-models-clustering-compiler-8.44.0.Final.jar;C:\Users\Amos Khaled\.m2\repository\org\kie\kie-pmml-models-clustering-evaluator\8.44.0.Final\kie-pmml-models-clustering-evaluator-8.44.0.Final.jar;C:\Users\Amos Khaled\.m2\repository\org\kie\kie-pmml-models-drools-tree-model\8.44.0.Final\kie-pmml-models-drools-tree-model-8.44.0.Final.jar;C:\Users\Amos Khaled\.m2\repository\org\kie\kie-pmml-models-drools-tree-compiler\8.44.0.Final\kie-pmml-models-drools-tree-compiler-8.44.0.Final.jar;C:\Users\Amos Khaled\.m2\repository\org\kie\kie-pmml-models-drools-tree-evaluator\8.44.0.Final\kie-pmml-models-drools-tree-evaluator-8.44.0.Final.jar;C:\Users\Amos Khaled\.m2\repository\org\kie\kie-pmml-compiler-api\8.44.0.Final\kie-pmml-compiler-api-8.44.0.Final-tests.jar;C:\Users\Amos Khaled\.m2\repository\org\kie\kie-pmml-models-drools-scorecard-model\8.44.0.Final\kie-pmml-models-drools-scorecard-model-8.44.0.Final.jar;C:\Users\Amos Khaled\.m2\repository\org\kie\kie-pmml-models-drools-scorecard-compiler\8.44.0.Final\kie-pmml-models-drools-scorecard-compiler-8.44.0.Final.jar;C:\Users\Amos Khaled\.m2\repository\org\kie\kie-pmml-models-drools-scorecard-evaluator\8.44.0.Final\kie-pmml-models-drools-scorecard-evaluator-8.44.0.Final.jar;C:\Users\Amos Khaled\.m2\repository\org\kie\efesto-dependencies\8.44.0.Final\efesto-dependencies-8.44.0.Final.jar;C:\Users\Amos Khaled\.m2\repository\org\kie\efesto-common-api\8.44.0.Final\efesto-common-api-8.44.0.Final.jar;C:\Users\Amos Khaled\.m2\repository\org\kie\efesto-common-core\8.44.0.Final\efesto-common-core-8.44.0.Final.jar;C:\Users\Amos Khaled\.m2\repository\org\kie\efesto-compilation-manager-api\8.44.0.Final\efesto-compilation-manager-api-8.44.0.Final.jar;C:\Users\Amos Khaled\.m2\repository\org\kie\efesto-runtime-manager-api\8.44.0.Final\efesto-runtime-manager-api-8.44.0.Final.jar;C:\Users\Amos Khaled\.m2\repository\org\kie\kie-drl-compilation-common\8.44.0.Final\kie-drl-compilation-common-8.44.0.Final.jar;C:\Users\Amos Khaled\.m2\repository\org\kie\efesto-compilation-manager-core\8.44.0.Final\efesto-compilation-manager-core-8.44.0.Final.jar;C:\Users\Amos Khaled\.m2\repository\org\drools\drools-model-codegen\8.44.0.Final\drools-model-codegen-8.44.0.Final.jar;C:\Users\Amos Khaled\.m2\repository\org\drools\drools-util\8.44.0.Final\drools-util-8.44.0.Final.jar;C:\Users\Amos Khaled\.m2\repository\org\drools\drools-codegen-common\8.44.0.Final\drools-codegen-common-8.44.0.Final.jar;C:\Users\Amos Khaled\.m2\repository\org\drools\drools-mvel-compiler\8.44.0.Final\drools-mvel-compiler-8.44.0.Final.jar;C:\Users\Amos Khaled\.m2\repository\org\drools\drools-ruleunits-api\8.44.0.Final\drools-ruleunits-api-8.44.0.Final.jar;C:\Users\Amos Khaled\.m2\repository\org\drools\drools-ruleunits-impl\8.44.0.Final\drools-ruleunits-impl-8.44.0.Final.jar;C:\Users\Amos Khaled\.m2\repository\org\kie\kie-drl-api\8.44.0.Final\kie-drl-api-8.44.0.Final.jar;C:\Users\Amos Khaled\.m2\repository\org\kie\kie-drl-map-input-runtime\8.44.0.Final\kie-drl-map-input-runtime-8.44.0.Final.jar;C:\Users\Amos Khaled\.m2\repository\org\kie\kie-drl-runtime-common\8.44.0.Final\kie-drl-runtime-common-8.44.0.Final.jar;C:\Users\Amos Khaled\.m2\repository\org\drools\drools-canonical-model\8.44.0.Final\drools-canonical-model-8.44.0.Final.jar;C:\Users\Amos Khaled\.m2\repository\org\drools\drools-mvel\8.44.0.Final\drools-mvel-8.44.0.Final.jar;C:\Users\Amos Khaled\.m2\repository\org\mvel\mvel2\2.5.0.Final\mvel2-2.5.0.Final.jar;C:\Users\Amos Khaled\.m2\repository\org\kie\kie-internal\8.44.0.Final\kie-internal-8.44.0.Final.jar;C:\Users\Amos Khaled\.m2\repository\org\drools\drools-core\8.44.0.Final\drools-core-8.44.0.Final.jar;C:\Users\Amos Khaled\.m2\repository\org\kie\kie-util-xml\8.44.0.Final\kie-util-xml-8.44.0.Final.jar;C:\Users\Amos Khaled\.m2\repository\org\drools\drools-base\8.44.0.Final\drools-base-8.44.0.Final.jar;C:\Users\Amos Khaled\.m2\repository\org\drools\drools-wiring-static\8.44.0.Final\drools-wiring-static-8.44.0.Final.jar;C:\Users\Amos Khaled\.m2\repository\org\drools\drools-io\8.44.0.Final\drools-io-8.44.0.Final.jar;C:\Users\Amos Khaled\.m2\repository\org\drools\drools-compiler\8.44.0.Final\drools-compiler-8.44.0.Final.jar;C:\Users\Amos Khaled\.m2\repository\org\drools\drools-drl-parser\8.44.0.Final\drools-drl-parser-8.44.0.Final.jar;C:\Users\Amos Khaled\.m2\repository\org\drools\drools-drl-extensions\8.44.0.Final\drools-drl-extensions-8.44.0.Final.jar;C:\Users\Amos Khaled\.m2\repository\org\drools\drools-drl-ast\8.44.0.Final\drools-drl-ast-8.44.0.Final.jar;C:\Users\Amos Khaled\.m2\repository\org\drools\drools-kiesession\8.44.0.Final\drools-kiesession-8.44.0.Final.jar;C:\Users\Amos Khaled\.m2\repository\org\drools\drools-ecj\8.44.0.Final\drools-ecj-8.44.0.Final.jar;C:\Users\Amos Khaled\.m2\repository\org\eclipse\jdt\ecj\3.33.0\ecj-3.33.0.jar;C:\Users\Amos Khaled\.m2\repository\org\kie\kie-util-maven-support\8.44.0.Final\kie-util-maven-support-8.44.0.Final.jar;C:\Users\Amos Khaled\.m2\repository\org\antlr\antlr-runtime\3.5.2\antlr-runtime-3.5.2.jar;C:\Users\Amos Khaled\.m2\repository\org\kie\kogito\kogito-drools\1.44.0.Final\kogito-drools-1.44.0.Final.jar;C:\Users\Amos Khaled\.m2\repository\org\drools\drools-wiring-dynamic\8.44.0.Final\drools-wiring-dynamic-8.44.0.Final.jar;C:\Users\Amos Khaled\.m2\repository\org\drools\drools-wiring-api\8.44.0.Final\drools-wiring-api-8.44.0.Final.jar;C:\Users\Amos Khaled\.m2\repository\org\junit\vintage\junit-vintage-engine\5.9.2\junit-vintage-engine-5.9.2.jar;C:\Users\Amos Khaled\.m2\repository\org\junit\platform\junit-platform-engine\1.9.2\junit-platform-engine-1.9.2.jar;C:\Users\Amos Khaled\.m2\repository\junit\junit\4.13.2\junit-4.13.2.jar;C:\Users\Amos Khaled\.m2\repository\org\hamcrest\hamcrest-core\2.2\hamcrest-core-2.2.jar;C:\Users\Amos Khaled\.m2\repository\org\apiguardian\apiguardian-api\1.1.2\apiguardian-api-1.1.2.jar;C:\Users\Amos Khaled\.m2\repository\org\drools\drools-scenario-simulation-api\8.44.0.Final\drools-scenario-simulation-api-8.44.0.Final.jar;C:\Users\Amos Khaled\.m2\repository\com\thoughtworks\xstream\xstream\1.4.20\xstream-1.4.20.jar;C:\Users\Amos Khaled\.m2\repository\io\github\x-stream\mxparser\1.2.2\mxparser-1.2.2.jar;C:\Users\Amos Khaled\.m2\repository\xmlpull\xmlpull\1.1.3.1\xmlpull-1.1.3.1.jar;C:\Users\Amos Khaled\.m2\repository\org\drools\drools-scenario-simulation-backend\8.44.0.Final\drools-scenario-simulation-backend-8.44.0.Final.jar;C:\Users\Amos Khaled\.m2\repository\org\drools\drools-commands\8.44.0.Final\drools-commands-8.44.0.Final.jar;"/>
    <property name="java.vm.vendor" value="Eclipse Adoptium"/>
    <property name="sun.arch.data.model" value="64"/>
    <property name="user.variant" value=""/>
    <property name="java.vendor.url" value="https://adoptium.net/"/>
    <property name="user.timezone" value="Africa/Lagos"/>
    <property name="os.name" value="Windows 11"/>
    <property name="java.vm.specification.version" value="21"/>
    <property name="sun.java.launcher" value="SUN_STANDARD"/>
    <property name="user.country" value="GB"/>
    <property name="sun.boot.library.path" value="C:\Program Files\Eclipse Adoptium\jdk-21.0.1.12-hotspot\bin"/>
    <property name="sun.java.command" value="C:\Users\AMOSKH~1\AppData\Local\Temp\surefire3383477927624381769\surefirebooter9101965965805879877.jar C:\Users\Amos Khaled\AppData\Local\Temp\surefire3383477927624381769 2024-06-17T12-56-42_073-jvmRun1 surefire15099979111747348184tmp surefire_015890424739607294766tmp"/>
    <property name="jdk.debug" value="release"/>
    <property name="surefire.test.class.path" value="C:\Users\Amos Khaled\Desktop\trafficViolationProcess\target\test-classes;C:\Users\Amos Khaled\Desktop\trafficViolationProcess\target\classes;C:\Users\Amos Khaled\.m2\repository\org\kie\kogito\kogito-spring-boot-starter\1.44.0.Final\kogito-spring-boot-starter-1.44.0.Final.jar;C:\Users\Amos Khaled\.m2\repository\org\kie\kogito\kogito-rules-spring-boot-starter\1.44.0.Final\kogito-rules-spring-boot-starter-1.44.0.Final.jar;C:\Users\Amos Khaled\.m2\repository\org\kie\kogito\kogito-processes-spring-boot-starter\1.44.0.Final\kogito-processes-spring-boot-starter-1.44.0.Final.jar;C:\Users\Amos Khaled\.m2\repository\org\kie\kogito\jbpm-bpmn2\1.44.0.Final\jbpm-bpmn2-1.44.0.Final.jar;C:\Users\Amos Khaled\.m2\repository\org\kie\kogito\jbpm-flow-builder\1.44.0.Final\jbpm-flow-builder-1.44.0.Final.jar;C:\Users\Amos Khaled\.m2\repository\org\kie\kie-dmn-feel\8.44.0.Final\kie-dmn-feel-8.44.0.Final.jar;C:\Users\Amos Khaled\.m2\repository\ch\obermuhlner\big-math\2.0.1\big-math-2.0.1.jar;C:\Users\Amos Khaled\.m2\repository\org\kie\kogito\kogito-rest-workitem\1.44.0.Final\kogito-rest-workitem-1.44.0.Final.jar;C:\Users\Amos Khaled\.m2\repository\org\kie\kogito\jbpm-flow\1.44.0.Final\jbpm-flow-1.44.0.Final.jar;C:\Users\Amos Khaled\.m2\repository\org\kie\kogito\kogito-events-api\1.44.0.Final\kogito-events-api-1.44.0.Final.jar;C:\Users\Amos Khaled\.m2\repository\io\cloudevents\cloudevents-core\2.3.0\cloudevents-core-2.3.0.jar;C:\Users\Amos Khaled\.m2\repository\org\kie\kogito\kogito-services\1.44.0.Final\kogito-services-1.44.0.Final.jar;C:\Users\Amos Khaled\.m2\repository\org\kie\kogito\kogito-events-core\1.44.0.Final\kogito-events-core-1.44.0.Final.jar;C:\Users\Amos Khaled\.m2\repository\org\kie\kogito\kogito-timer\1.44.0.Final\kogito-timer-1.44.0.Final.jar;C:\Users\Amos Khaled\.m2\repository\org\kie\kogito\process-workitems\1.44.0.Final\process-workitems-1.44.0.Final.jar;C:\Users\Amos Khaled\.m2\repository\org\kie\kogito\kogito-rest-utils\1.44.0.Final\kogito-rest-utils-1.44.0.Final.jar;C:\Users\Amos Khaled\.m2\repository\io\smallrye\reactive\smallrye-mutiny-vertx-auth-oauth2\2.30.1\smallrye-mutiny-vertx-auth-oauth2-2.30.1.jar;C:\Users\Amos Khaled\.m2\repository\io\vertx\vertx-auth-oauth2\4.3.6\vertx-auth-oauth2-4.3.6.jar;C:\Users\Amos Khaled\.m2\repository\io\smallrye\reactive\smallrye-mutiny-vertx-web-client\2.30.1\smallrye-mutiny-vertx-web-client-2.30.1.jar;C:\Users\Amos Khaled\.m2\repository\io\vertx\vertx-web-client\4.3.6\vertx-web-client-4.3.6.jar;C:\Users\Amos Khaled\.m2\repository\io\vertx\vertx-uri-template\4.3.6\vertx-uri-template-4.3.6.jar;C:\Users\Amos Khaled\.m2\repository\io\vertx\vertx-web-common\4.3.6\vertx-web-common-4.3.6.jar;C:\Users\Amos Khaled\.m2\repository\io\vertx\vertx-auth-common\4.3.6\vertx-auth-common-4.3.6.jar;C:\Users\Amos Khaled\.m2\repository\io\vertx\vertx-core\4.3.6\vertx-core-4.3.6.jar;C:\Users\Amos Khaled\.m2\repository\io\netty\netty-common\4.1.75.Final\netty-common-4.1.75.Final.jar;C:\Users\Amos Khaled\.m2\repository\io\netty\netty-buffer\4.1.75.Final\netty-buffer-4.1.75.Final.jar;C:\Users\Amos Khaled\.m2\repository\io\netty\netty-transport\4.1.75.Final\netty-transport-4.1.75.Final.jar;C:\Users\Amos Khaled\.m2\repository\io\netty\netty-handler\4.1.75.Final\netty-handler-4.1.75.Final.jar;C:\Users\Amos Khaled\.m2\repository\io\netty\netty-codec\4.1.75.Final\netty-codec-4.1.75.Final.jar;C:\Users\Amos Khaled\.m2\repository\io\netty\netty-handler-proxy\4.1.75.Final\netty-handler-proxy-4.1.75.Final.jar;C:\Users\Amos Khaled\.m2\repository\io\netty\netty-codec-socks\4.1.75.Final\netty-codec-socks-4.1.75.Final.jar;C:\Users\Amos Khaled\.m2\repository\io\netty\netty-codec-http\4.1.75.Final\netty-codec-http-4.1.75.Final.jar;C:\Users\Amos Khaled\.m2\repository\io\netty\netty-codec-http2\4.1.75.Final\netty-codec-http2-4.1.75.Final.jar;C:\Users\Amos Khaled\.m2\repository\io\netty\netty-resolver\4.1.75.Final\netty-resolver-4.1.75.Final.jar;C:\Users\Amos Khaled\.m2\repository\io\netty\netty-resolver-dns\4.1.75.Final\netty-resolver-dns-4.1.75.Final.jar;C:\Users\Amos Khaled\.m2\repository\io\netty\netty-codec-dns\4.1.75.Final\netty-codec-dns-4.1.75.Final.jar;C:\Users\Amos Khaled\.m2\repository\io\smallrye\reactive\smallrye-mutiny-vertx-core\2.30.1\smallrye-mutiny-vertx-core-2.30.1.jar;C:\Users\Amos Khaled\.m2\repository\io\smallrye\reactive\mutiny\1.8.0\mutiny-1.8.0.jar;C:\Users\Amos Khaled\.m2\repository\org\reactivestreams\reactive-streams\1.0.3\reactive-streams-1.0.3.jar;C:\Users\Amos Khaled\.m2\repository\io\smallrye\common\smallrye-common-annotation\1.13.0\smallrye-common-annotation-1.13.0.jar;C:\Users\Amos Khaled\.m2\repository\io\smallrye\reactive\smallrye-mutiny-vertx-runtime\2.30.1\smallrye-mutiny-vertx-runtime-2.30.1.jar;C:\Users\Amos Khaled\.m2\repository\io\smallrye\reactive\vertx-mutiny-generator\2.30.1\vertx-mutiny-generator-2.30.1.jar;C:\Users\Amos Khaled\.m2\repository\io\vertx\vertx-codegen\4.3.6\vertx-codegen-4.3.6.jar;C:\Users\Amos Khaled\.m2\repository\io\smallrye\reactive\smallrye-mutiny-vertx-auth-common\2.30.1\smallrye-mutiny-vertx-auth-common-2.30.1.jar;C:\Users\Amos Khaled\.m2\repository\io\smallrye\reactive\smallrye-mutiny-vertx-web-common\2.30.1\smallrye-mutiny-vertx-web-common-2.30.1.jar;C:\Users\Amos Khaled\.m2\repository\io\smallrye\reactive\smallrye-mutiny-vertx-uri-template\2.30.1\smallrye-mutiny-vertx-uri-template-2.30.1.jar;C:\Users\Amos Khaled\.m2\repository\org\kie\kogito\kogito-jackson-utils\1.44.0.Final\kogito-jackson-utils-1.44.0.Final.jar;C:\Users\Amos Khaled\.m2\repository\io\cloudevents\cloudevents-json-jackson\2.3.0\cloudevents-json-jackson-2.3.0.jar;C:\Users\Amos Khaled\.m2\repository\org\springframework\security\spring-security-core\5.6.2\spring-security-core-5.6.2.jar;C:\Users\Amos Khaled\.m2\repository\org\springframework\security\spring-security-crypto\5.6.2\spring-security-crypto-5.6.2.jar;C:\Users\Amos Khaled\.m2\repository\org\springframework\spring-aop\5.3.18\spring-aop-5.3.18.jar;C:\Users\Amos Khaled\.m2\repository\org\springframework\spring-beans\5.3.18\spring-beans-5.3.18.jar;C:\Users\Amos Khaled\.m2\repository\org\springframework\spring-expression\5.3.18\spring-expression-5.3.18.jar;C:\Users\Amos Khaled\.m2\repository\org\kie\kogito\kogito-decisions-spring-boot-starter\1.44.0.Final\kogito-decisions-spring-boot-starter-1.44.0.Final.jar;C:\Users\Amos Khaled\.m2\repository\org\kie\kogito\kogito-predictions-spring-boot-starter\1.44.0.Final\kogito-predictions-spring-boot-starter-1.44.0.Final.jar;C:\Users\Amos Khaled\.m2\repository\org\springframework\boot\spring-boot-starter-web\2.6.6\spring-boot-starter-web-2.6.6.jar;C:\Users\Amos Khaled\.m2\repository\org\springframework\boot\spring-boot-starter-json\2.6.6\spring-boot-starter-json-2.6.6.jar;C:\Users\Amos Khaled\.m2\repository\com\fasterxml\jackson\datatype\jackson-datatype-jdk8\2.14.2\jackson-datatype-jdk8-2.14.2.jar;C:\Users\Amos Khaled\.m2\repository\com\fasterxml\jackson\module\jackson-module-parameter-names\2.14.2\jackson-module-parameter-names-2.14.2.jar;C:\Users\Amos Khaled\.m2\repository\org\springframework\boot\spring-boot-starter-tomcat\2.6.6\spring-boot-starter-tomcat-2.6.6.jar;C:\Users\Amos Khaled\.m2\repository\org\apache\tomcat\embed\tomcat-embed-core\9.0.60\tomcat-embed-core-9.0.60.jar;C:\Users\Amos Khaled\.m2\repository\org\apache\tomcat\embed\tomcat-embed-el\9.0.60\tomcat-embed-el-9.0.60.jar;C:\Users\Amos Khaled\.m2\repository\org\apache\tomcat\embed\tomcat-embed-websocket\9.0.60\tomcat-embed-websocket-9.0.60.jar;C:\Users\Amos Khaled\.m2\repository\org\springframework\spring-web\5.3.18\spring-web-5.3.18.jar;C:\Users\Amos Khaled\.m2\repository\org\springframework\spring-webmvc\5.3.18\spring-webmvc-5.3.18.jar;C:\Users\Amos Khaled\.m2\repository\org\kie\kogito\kogito-api\1.44.0.Final\kogito-api-1.44.0.Final.jar;C:\Users\Amos Khaled\.m2\repository\org\slf4j\slf4j-api\1.7.36\slf4j-api-1.7.36.jar;C:\Users\Amos Khaled\.m2\repository\org\kie\kie-api\8.44.0.Final\kie-api-8.44.0.Final.jar;C:\Users\Amos Khaled\.m2\repository\com\fasterxml\jackson\core\jackson-annotations\2.14.2\jackson-annotations-2.14.2.jar;C:\Users\Amos Khaled\.m2\repository\io\cloudevents\cloudevents-api\2.3.0\cloudevents-api-2.3.0.jar;C:\Users\Amos Khaled\.m2\repository\javax\xml\bind\jaxb-api\2.3.1\jaxb-api-2.3.1.jar;C:\Users\Amos Khaled\.m2\repository\javax\activation\javax.activation-api\1.2.0\javax.activation-api-1.2.0.jar;C:\Users\Amos Khaled\.m2\repository\com\sun\activation\javax.activation\1.2.0\javax.activation-1.2.0.jar;C:\Users\Amos Khaled\.m2\repository\io\swagger\core\v3\swagger-annotations\2.2.7\swagger-annotations-2.2.7.jar;C:\Users\Amos Khaled\.m2\repository\org\springdoc\springdoc-openapi-ui\1.6.14\springdoc-openapi-ui-1.6.14.jar;C:\Users\Amos Khaled\.m2\repository\org\springdoc\springdoc-openapi-webmvc-core\1.6.14\springdoc-openapi-webmvc-core-1.6.14.jar;C:\Users\Amos Khaled\.m2\repository\org\springdoc\springdoc-openapi-common\1.6.14\springdoc-openapi-common-1.6.14.jar;C:\Users\Amos Khaled\.m2\repository\io\swagger\core\v3\swagger-core\2.2.7\swagger-core-2.2.7.jar;C:\Users\Amos Khaled\.m2\repository\com\fasterxml\jackson\dataformat\jackson-dataformat-yaml\2.14.2\jackson-dataformat-yaml-2.14.2.jar;C:\Users\Amos Khaled\.m2\repository\io\swagger\core\v3\swagger-models\2.2.7\swagger-models-2.2.7.jar;C:\Users\Amos Khaled\.m2\repository\jakarta\validation\jakarta.validation-api\2.0.2\jakarta.validation-api-2.0.2.jar;C:\Users\Amos Khaled\.m2\repository\org\webjars\swagger-ui\4.15.5\swagger-ui-4.15.5.jar;C:\Users\Amos Khaled\.m2\repository\org\webjars\webjars-locator-core\0.48\webjars-locator-core-0.48.jar;C:\Users\Amos Khaled\.m2\repository\com\fasterxml\jackson\core\jackson-core\2.14.2\jackson-core-2.14.2.jar;C:\Users\Amos Khaled\.m2\repository\io\github\classgraph\classgraph\4.8.149\classgraph-4.8.149.jar;C:\Users\Amos Khaled\.m2\repository\org\springframework\boot\spring-boot-starter\2.6.6\spring-boot-starter-2.6.6.jar;C:\Users\Amos Khaled\.m2\repository\org\springframework\boot\spring-boot\2.6.6\spring-boot-2.6.6.jar;C:\Users\Amos Khaled\.m2\repository\org\springframework\spring-context\5.3.18\spring-context-5.3.18.jar;C:\Users\Amos Khaled\.m2\repository\org\springframework\boot\spring-boot-autoconfigure\2.6.6\spring-boot-autoconfigure-2.6.6.jar;C:\Users\Amos Khaled\.m2\repository\org\springframework\boot\spring-boot-starter-logging\2.6.6\spring-boot-starter-logging-2.6.6.jar;C:\Users\Amos Khaled\.m2\repository\ch\qos\logback\logback-classic\1.2.11\logback-classic-1.2.11.jar;C:\Users\Amos Khaled\.m2\repository\ch\qos\logback\logback-core\1.2.11\logback-core-1.2.11.jar;C:\Users\Amos Khaled\.m2\repository\org\apache\logging\log4j\log4j-to-slf4j\2.17.2\log4j-to-slf4j-2.17.2.jar;C:\Users\Amos Khaled\.m2\repository\org\apache\logging\log4j\log4j-api\2.17.2\log4j-api-2.17.2.jar;C:\Users\Amos Khaled\.m2\repository\org\slf4j\jul-to-slf4j\1.7.36\jul-to-slf4j-1.7.36.jar;C:\Users\Amos Khaled\.m2\repository\jakarta\annotation\jakarta.annotation-api\1.3.5\jakarta.annotation-api-1.3.5.jar;C:\Users\Amos Khaled\.m2\repository\org\springframework\spring-core\5.3.18\spring-core-5.3.18.jar;C:\Users\Amos Khaled\.m2\repository\org\springframework\spring-jcl\5.3.18\spring-jcl-5.3.18.jar;C:\Users\Amos Khaled\.m2\repository\org\yaml\snakeyaml\1.29\snakeyaml-1.29.jar;C:\Users\Amos Khaled\.m2\repository\org\springframework\boot\spring-boot-starter-actuator\2.6.6\spring-boot-starter-actuator-2.6.6.jar;C:\Users\Amos Khaled\.m2\repository\org\springframework\boot\spring-boot-actuator-autoconfigure\2.6.6\spring-boot-actuator-autoconfigure-2.6.6.jar;C:\Users\Amos Khaled\.m2\repository\org\springframework\boot\spring-boot-actuator\2.6.6\spring-boot-actuator-2.6.6.jar;C:\Users\Amos Khaled\.m2\repository\com\fasterxml\jackson\core\jackson-databind\2.14.2\jackson-databind-2.14.2.jar;C:\Users\Amos Khaled\.m2\repository\com\fasterxml\jackson\datatype\jackson-datatype-jsr310\2.14.2\jackson-datatype-jsr310-2.14.2.jar;C:\Users\Amos Khaled\.m2\repository\io\micrometer\micrometer-core\1.10.2\micrometer-core-1.10.2.jar;C:\Users\Amos Khaled\.m2\repository\io\micrometer\micrometer-commons\1.10.2\micrometer-commons-1.10.2.jar;C:\Users\Amos Khaled\.m2\repository\io\micrometer\micrometer-observation\1.10.2\micrometer-observation-1.10.2.jar;C:\Users\Amos Khaled\.m2\repository\org\hdrhistogram\HdrHistogram\2.1.12\HdrHistogram-2.1.12.jar;C:\Users\Amos Khaled\.m2\repository\org\latencyutils\LatencyUtils\2.0.3\LatencyUtils-2.0.3.jar;C:\Users\Amos Khaled\.m2\repository\org\springframework\boot\spring-boot-starter-test\2.6.6\spring-boot-starter-test-2.6.6.jar;C:\Users\Amos Khaled\.m2\repository\org\springframework\boot\spring-boot-test\2.6.6\spring-boot-test-2.6.6.jar;C:\Users\Amos Khaled\.m2\repository\org\springframework\boot\spring-boot-test-autoconfigure\2.6.6\spring-boot-test-autoconfigure-2.6.6.jar;C:\Users\Amos Khaled\.m2\repository\com\jayway\jsonpath\json-path\2.6.0\json-path-2.6.0.jar;C:\Users\Amos Khaled\.m2\repository\net\minidev\json-smart\2.4.8\json-smart-2.4.8.jar;C:\Users\Amos Khaled\.m2\repository\net\minidev\accessors-smart\2.4.8\accessors-smart-2.4.8.jar;C:\Users\Amos Khaled\.m2\repository\org\ow2\asm\asm\9.1\asm-9.1.jar;C:\Users\Amos Khaled\.m2\repository\jakarta\xml\bind\jakarta.xml.bind-api\2.3.3\jakarta.xml.bind-api-2.3.3.jar;C:\Users\Amos Khaled\.m2\repository\jakarta\activation\jakarta.activation-api\1.2.2\jakarta.activation-api-1.2.2.jar;C:\Users\Amos Khaled\.m2\repository\org\assertj\assertj-core\3.21.0\assertj-core-3.21.0.jar;C:\Users\Amos Khaled\.m2\repository\org\hamcrest\hamcrest\2.2\hamcrest-2.2.jar;C:\Users\Amos Khaled\.m2\repository\org\junit\jupiter\junit-jupiter\5.9.2\junit-jupiter-5.9.2.jar;C:\Users\Amos Khaled\.m2\repository\org\junit\jupiter\junit-jupiter-api\5.9.2\junit-jupiter-api-5.9.2.jar;C:\Users\Amos Khaled\.m2\repository\org\opentest4j\opentest4j\1.2.0\opentest4j-1.2.0.jar;C:\Users\Amos Khaled\.m2\repository\org\junit\platform\junit-platform-commons\1.9.2\junit-platform-commons-1.9.2.jar;C:\Users\Amos Khaled\.m2\repository\org\junit\jupiter\junit-jupiter-params\5.9.2\junit-jupiter-params-5.9.2.jar;C:\Users\Amos Khaled\.m2\repository\org\junit\jupiter\junit-jupiter-engine\5.9.2\junit-jupiter-engine-5.9.2.jar;C:\Users\Amos Khaled\.m2\repository\org\mockito\mockito-core\4.0.0\mockito-core-4.0.0.jar;C:\Users\Amos Khaled\.m2\repository\net\bytebuddy\byte-buddy\1.11.22\byte-buddy-1.11.22.jar;C:\Users\Amos Khaled\.m2\repository\net\bytebuddy\byte-buddy-agent\1.11.22\byte-buddy-agent-1.11.22.jar;C:\Users\Amos Khaled\.m2\repository\org\objenesis\objenesis\3.2\objenesis-3.2.jar;C:\Users\Amos Khaled\.m2\repository\org\mockito\mockito-junit-jupiter\4.0.0\mockito-junit-jupiter-4.0.0.jar;C:\Users\Amos Khaled\.m2\repository\org\skyscreamer\jsonassert\1.5.0\jsonassert-1.5.0.jar;C:\Users\Amos Khaled\.m2\repository\com\vaadin\external\google\android-json\0.0.20131108.vaadin1\android-json-0.0.20131108.vaadin1.jar;C:\Users\Amos Khaled\.m2\repository\org\springframework\spring-test\5.3.18\spring-test-5.3.18.jar;C:\Users\Amos Khaled\.m2\repository\org\xmlunit\xmlunit-core\2.8.4\xmlunit-core-2.8.4.jar;C:\Users\Amos Khaled\.m2\repository\io\rest-assured\rest-assured\4.4.0\rest-assured-4.4.0.jar;C:\Users\Amos Khaled\.m2\repository\org\codehaus\groovy\groovy\3.0.10\groovy-3.0.10.jar;C:\Users\Amos Khaled\.m2\repository\org\codehaus\groovy\groovy-xml\3.0.10\groovy-xml-3.0.10.jar;C:\Users\Amos Khaled\.m2\repository\org\apache\httpcomponents\httpclient\4.5.13\httpclient-4.5.13.jar;C:\Users\Amos Khaled\.m2\repository\org\apache\httpcomponents\httpcore\4.4.15\httpcore-4.4.15.jar;C:\Users\Amos Khaled\.m2\repository\commons-codec\commons-codec\1.15\commons-codec-1.15.jar;C:\Users\Amos Khaled\.m2\repository\org\apache\httpcomponents\httpmime\4.5.13\httpmime-4.5.13.jar;C:\Users\Amos Khaled\.m2\repository\org\ccil\cowan\tagsoup\tagsoup\1.2.1\tagsoup-1.2.1.jar;C:\Users\Amos Khaled\.m2\repository\io\rest-assured\json-path\4.4.0\json-path-4.4.0.jar;C:\Users\Amos Khaled\.m2\repository\org\codehaus\groovy\groovy-json\3.0.10\groovy-json-3.0.10.jar;C:\Users\Amos Khaled\.m2\repository\io\rest-assured\rest-assured-common\4.4.0\rest-assured-common-4.4.0.jar;C:\Users\Amos Khaled\.m2\repository\io\rest-assured\xml-path\4.4.0\xml-path-4.4.0.jar;C:\Users\Amos Khaled\.m2\repository\org\apache\commons\commons-lang3\3.12.0\commons-lang3-3.12.0.jar;C:\Users\Amos Khaled\.m2\repository\com\sun\xml\bind\jaxb-impl\2.3.5\jaxb-impl-2.3.5.jar;C:\Users\Amos Khaled\.m2\repository\org\projectlombok\lombok\1.18.32\lombok-1.18.32.jar;C:\Users\Amos Khaled\.m2\repository\org\kie\kogito\kogito-scenario-simulation\1.44.0.Final\kogito-scenario-simulation-1.44.0.Final.jar;C:\Users\Amos Khaled\.m2\repository\org\kie\kogito\kogito-dmn\1.44.0.Final\kogito-dmn-1.44.0.Final.jar;C:\Users\Amos Khaled\.m2\repository\org\kie\kie-dmn-core\8.44.0.Final\kie-dmn-core-8.44.0.Final.jar;C:\Users\Amos Khaled\.m2\repository\org\kie\kie-dmn-api\8.44.0.Final\kie-dmn-api-8.44.0.Final.jar;C:\Users\Amos Khaled\.m2\repository\org\kie\kie-dmn-model\8.44.0.Final\kie-dmn-model-8.44.0.Final.jar;C:\Users\Amos Khaled\.m2\repository\org\kie\kie-dmn-backend\8.44.0.Final\kie-dmn-backend-8.44.0.Final.jar;C:\Users\Amos Khaled\.m2\repository\org\kie\kie-memory-compiler\8.44.0.Final\kie-memory-compiler-8.44.0.Final.jar;C:\Users\Amos Khaled\.m2\repository\org\drools\drools-model-compiler\8.44.0.Final\drools-model-compiler-8.44.0.Final.jar;C:\Users\Amos Khaled\.m2\repository\com\github\javaparser\javaparser-core\3.24.2\javaparser-core-3.24.2.jar;C:\Users\Amos Khaled\.m2\repository\org\drools\drools-mvel-parser\8.44.0.Final\drools-mvel-parser-8.44.0.Final.jar;C:\Users\Amos Khaled\.m2\repository\org\drools\drools-alphanetwork-compiler\8.44.0.Final\drools-alphanetwork-compiler-8.44.0.Final.jar;C:\Users\Amos Khaled\.m2\repository\org\kie\efesto-runtime-manager-core\8.44.0.Final\efesto-runtime-manager-core-8.44.0.Final.jar;C:\Users\Amos Khaled\.m2\repository\org\kie\efesto-common-utils\8.44.0.Final\efesto-common-utils-8.44.0.Final.jar;C:\Users\Amos Khaled\.m2\repository\org\antlr\antlr4-runtime\4.10.1\antlr4-runtime-4.10.1.jar;C:\Users\Amos Khaled\.m2\repository\org\jpmml\pmml-model\1.5.1\pmml-model-1.5.1.jar;C:\Users\Amos Khaled\.m2\repository\org\jpmml\pmml-agent\1.5.1\pmml-agent-1.5.1.jar;C:\Users\Amos Khaled\.m2\repository\org\kie\kie-dmn-validation\8.44.0.Final\kie-dmn-validation-8.44.0.Final.jar;C:\Users\Amos Khaled\.m2\repository\org\kie\kogito\kogito-pmml\1.44.0.Final\kogito-pmml-1.44.0.Final.jar;C:\Users\Amos Khaled\.m2\repository\org\kie\kie-pmml-dependencies\8.44.0.Final\kie-pmml-dependencies-8.44.0.Final.jar;C:\Users\Amos Khaled\.m2\repository\org\kie\kie-pmml-api\8.44.0.Final\kie-pmml-api-8.44.0.Final.jar;C:\Users\Amos Khaled\.m2\repository\org\apache\commons\commons-math3\3.4.1\commons-math3-3.4.1.jar;C:\Users\Amos Khaled\.m2\repository\org\kie\kie-pmml-commons\8.44.0.Final\kie-pmml-commons-8.44.0.Final.jar;C:\Users\Amos Khaled\.m2\repository\org\apache\commons\commons-text\1.10.0\commons-text-1.10.0.jar;C:\Users\Amos Khaled\.m2\repository\org\kie\kie-pmml-compiler-api\8.44.0.Final\kie-pmml-compiler-api-8.44.0.Final.jar;C:\Users\Amos Khaled\.m2\repository\org\glassfish\jaxb\jaxb-runtime\2.3.6\jaxb-runtime-2.3.6.jar;C:\Users\Amos Khaled\.m2\repository\org\glassfish\jaxb\txw2\2.3.6\txw2-2.3.6.jar;C:\Users\Amos Khaled\.m2\repository\com\sun\istack\istack-commons-runtime\3.0.12\istack-commons-runtime-3.0.12.jar;C:\Users\Amos Khaled\.m2\repository\com\sun\activation\jakarta.activation\1.2.2\jakarta.activation-1.2.2.jar;C:\Users\Amos Khaled\.m2\repository\org\kie\kie-pmml-compiler-core\8.44.0.Final\kie-pmml-compiler-core-8.44.0.Final.jar;C:\Users\Amos Khaled\.m2\repository\org\kie\kie-pmml-compiler-commons\8.44.0.Final\kie-pmml-compiler-commons-8.44.0.Final.jar;C:\Users\Amos Khaled\.m2\repository\org\kie\kie-pmml-evaluator-api\8.44.0.Final\kie-pmml-evaluator-api-8.44.0.Final.jar;C:\Users\Amos Khaled\.m2\repository\org\kie\kie-pmml-evaluator-core\8.44.0.Final\kie-pmml-evaluator-core-8.44.0.Final.jar;C:\Users\Amos Khaled\.m2\repository\org\kie\kie-pmml-evaluator-utils\8.44.0.Final\kie-pmml-evaluator-utils-8.44.0.Final.jar;C:\Users\Amos Khaled\.m2\repository\org\kie\kie-pmml-models-drools-common\8.44.0.Final\kie-pmml-models-drools-common-8.44.0.Final.jar;C:\Users\Amos Khaled\.m2\repository\org\kie\kie-pmml-models-regression-model\8.44.0.Final\kie-pmml-models-regression-model-8.44.0.Final.jar;C:\Users\Amos Khaled\.m2\repository\org\kie\kie-pmml-models-regression-compiler\8.44.0.Final\kie-pmml-models-regression-compiler-8.44.0.Final.jar;C:\Users\Amos Khaled\.m2\repository\org\kie\kie-pmml-models-regression-evaluator\8.44.0.Final\kie-pmml-models-regression-evaluator-8.44.0.Final.jar;C:\Users\Amos Khaled\.m2\repository\org\kie\kie-pmml-models-mining-model\8.44.0.Final\kie-pmml-models-mining-model-8.44.0.Final.jar;C:\Users\Amos Khaled\.m2\repository\org\kie\kie-pmml-models-mining-compiler\8.44.0.Final\kie-pmml-models-mining-compiler-8.44.0.Final.jar;C:\Users\Amos Khaled\.m2\repository\org\kie\kie-pmml-models-mining-evaluator\8.44.0.Final\kie-pmml-models-mining-evaluator-8.44.0.Final.jar;C:\Users\Amos Khaled\.m2\repository\org\kie\kie-pmml-models-clustering-model\8.44.0.Final\kie-pmml-models-clustering-model-8.44.0.Final.jar;C:\Users\Amos Khaled\.m2\repository\org\kie\kie-pmml-models-clustering-compiler\8.44.0.Final\kie-pmml-models-clustering-compiler-8.44.0.Final.jar;C:\Users\Amos Khaled\.m2\repository\org\kie\kie-pmml-models-clustering-evaluator\8.44.0.Final\kie-pmml-models-clustering-evaluator-8.44.0.Final.jar;C:\Users\Amos Khaled\.m2\repository\org\kie\kie-pmml-models-drools-tree-model\8.44.0.Final\kie-pmml-models-drools-tree-model-8.44.0.Final.jar;C:\Users\Amos Khaled\.m2\repository\org\kie\kie-pmml-models-drools-tree-compiler\8.44.0.Final\kie-pmml-models-drools-tree-compiler-8.44.0.Final.jar;C:\Users\Amos Khaled\.m2\repository\org\kie\kie-pmml-models-drools-tree-evaluator\8.44.0.Final\kie-pmml-models-drools-tree-evaluator-8.44.0.Final.jar;C:\Users\Amos Khaled\.m2\repository\org\kie\kie-pmml-compiler-api\8.44.0.Final\kie-pmml-compiler-api-8.44.0.Final-tests.jar;C:\Users\Amos Khaled\.m2\repository\org\kie\kie-pmml-models-drools-scorecard-model\8.44.0.Final\kie-pmml-models-drools-scorecard-model-8.44.0.Final.jar;C:\Users\Amos Khaled\.m2\repository\org\kie\kie-pmml-models-drools-scorecard-compiler\8.44.0.Final\kie-pmml-models-drools-scorecard-compiler-8.44.0.Final.jar;C:\Users\Amos Khaled\.m2\repository\org\kie\kie-pmml-models-drools-scorecard-evaluator\8.44.0.Final\kie-pmml-models-drools-scorecard-evaluator-8.44.0.Final.jar;C:\Users\Amos Khaled\.m2\repository\org\kie\efesto-dependencies\8.44.0.Final\efesto-dependencies-8.44.0.Final.jar;C:\Users\Amos Khaled\.m2\repository\org\kie\efesto-common-api\8.44.0.Final\efesto-common-api-8.44.0.Final.jar;C:\Users\Amos Khaled\.m2\repository\org\kie\efesto-common-core\8.44.0.Final\efesto-common-core-8.44.0.Final.jar;C:\Users\Amos Khaled\.m2\repository\org\kie\efesto-compilation-manager-api\8.44.0.Final\efesto-compilation-manager-api-8.44.0.Final.jar;C:\Users\Amos Khaled\.m2\repository\org\kie\efesto-runtime-manager-api\8.44.0.Final\efesto-runtime-manager-api-8.44.0.Final.jar;C:\Users\Amos Khaled\.m2\repository\org\kie\kie-drl-compilation-common\8.44.0.Final\kie-drl-compilation-common-8.44.0.Final.jar;C:\Users\Amos Khaled\.m2\repository\org\kie\efesto-compilation-manager-core\8.44.0.Final\efesto-compilation-manager-core-8.44.0.Final.jar;C:\Users\Amos Khaled\.m2\repository\org\drools\drools-model-codegen\8.44.0.Final\drools-model-codegen-8.44.0.Final.jar;C:\Users\Amos Khaled\.m2\repository\org\drools\drools-util\8.44.0.Final\drools-util-8.44.0.Final.jar;C:\Users\Amos Khaled\.m2\repository\org\drools\drools-codegen-common\8.44.0.Final\drools-codegen-common-8.44.0.Final.jar;C:\Users\Amos Khaled\.m2\repository\org\drools\drools-mvel-compiler\8.44.0.Final\drools-mvel-compiler-8.44.0.Final.jar;C:\Users\Amos Khaled\.m2\repository\org\drools\drools-ruleunits-api\8.44.0.Final\drools-ruleunits-api-8.44.0.Final.jar;C:\Users\Amos Khaled\.m2\repository\org\drools\drools-ruleunits-impl\8.44.0.Final\drools-ruleunits-impl-8.44.0.Final.jar;C:\Users\Amos Khaled\.m2\repository\org\kie\kie-drl-api\8.44.0.Final\kie-drl-api-8.44.0.Final.jar;C:\Users\Amos Khaled\.m2\repository\org\kie\kie-drl-map-input-runtime\8.44.0.Final\kie-drl-map-input-runtime-8.44.0.Final.jar;C:\Users\Amos Khaled\.m2\repository\org\kie\kie-drl-runtime-common\8.44.0.Final\kie-drl-runtime-common-8.44.0.Final.jar;C:\Users\Amos Khaled\.m2\repository\org\drools\drools-canonical-model\8.44.0.Final\drools-canonical-model-8.44.0.Final.jar;C:\Users\Amos Khaled\.m2\repository\org\drools\drools-mvel\8.44.0.Final\drools-mvel-8.44.0.Final.jar;C:\Users\Amos Khaled\.m2\repository\org\mvel\mvel2\2.5.0.Final\mvel2-2.5.0.Final.jar;C:\Users\Amos Khaled\.m2\repository\org\kie\kie-internal\8.44.0.Final\kie-internal-8.44.0.Final.jar;C:\Users\Amos Khaled\.m2\repository\org\drools\drools-core\8.44.0.Final\drools-core-8.44.0.Final.jar;C:\Users\Amos Khaled\.m2\repository\org\kie\kie-util-xml\8.44.0.Final\kie-util-xml-8.44.0.Final.jar;C:\Users\Amos Khaled\.m2\repository\org\drools\drools-base\8.44.0.Final\drools-base-8.44.0.Final.jar;C:\Users\Amos Khaled\.m2\repository\org\drools\drools-wiring-static\8.44.0.Final\drools-wiring-static-8.44.0.Final.jar;C:\Users\Amos Khaled\.m2\repository\org\drools\drools-io\8.44.0.Final\drools-io-8.44.0.Final.jar;C:\Users\Amos Khaled\.m2\repository\org\drools\drools-compiler\8.44.0.Final\drools-compiler-8.44.0.Final.jar;C:\Users\Amos Khaled\.m2\repository\org\drools\drools-drl-parser\8.44.0.Final\drools-drl-parser-8.44.0.Final.jar;C:\Users\Amos Khaled\.m2\repository\org\drools\drools-drl-extensions\8.44.0.Final\drools-drl-extensions-8.44.0.Final.jar;C:\Users\Amos Khaled\.m2\repository\org\drools\drools-drl-ast\8.44.0.Final\drools-drl-ast-8.44.0.Final.jar;C:\Users\Amos Khaled\.m2\repository\org\drools\drools-kiesession\8.44.0.Final\drools-kiesession-8.44.0.Final.jar;C:\Users\Amos Khaled\.m2\repository\org\drools\drools-ecj\8.44.0.Final\drools-ecj-8.44.0.Final.jar;C:\Users\Amos Khaled\.m2\repository\org\eclipse\jdt\ecj\3.33.0\ecj-3.33.0.jar;C:\Users\Amos Khaled\.m2\repository\org\kie\kie-util-maven-support\8.44.0.Final\kie-util-maven-support-8.44.0.Final.jar;C:\Users\Amos Khaled\.m2\repository\org\antlr\antlr-runtime\3.5.2\antlr-runtime-3.5.2.jar;C:\Users\Amos Khaled\.m2\repository\org\kie\kogito\kogito-drools\1.44.0.Final\kogito-drools-1.44.0.Final.jar;C:\Users\Amos Khaled\.m2\repository\org\drools\drools-wiring-dynamic\8.44.0.Final\drools-wiring-dynamic-8.44.0.Final.jar;C:\Users\Amos Khaled\.m2\repository\org\drools\drools-wiring-api\8.44.0.Final\drools-wiring-api-8.44.0.Final.jar;C:\Users\Amos Khaled\.m2\repository\org\junit\vintage\junit-vintage-engine\5.9.2\junit-vintage-engine-5.9.2.jar;C:\Users\Amos Khaled\.m2\repository\org\junit\platform\junit-platform-engine\1.9.2\junit-platform-engine-1.9.2.jar;C:\Users\Amos Khaled\.m2\repository\junit\junit\4.13.2\junit-4.13.2.jar;C:\Users\Amos Khaled\.m2\repository\org\hamcrest\hamcrest-core\2.2\hamcrest-core-2.2.jar;C:\Users\Amos Khaled\.m2\repository\org\apiguardian\apiguardian-api\1.1.2\apiguardian-api-1.1.2.jar;C:\Users\Amos Khaled\.m2\repository\org\drools\drools-scenario-simulation-api\8.44.0.Final\drools-scenario-simulation-api-8.44.0.Final.jar;C:\Users\Amos Khaled\.m2\repository\com\thoughtworks\xstream\xstream\1.4.20\xstream-1.4.20.jar;C:\Users\Amos Khaled\.m2\repository\io\github\x-stream\mxparser\1.2.2\mxparser-1.2.2.jar;C:\Users\Amos Khaled\.m2\repository\xmlpull\xmlpull\1.1.3.1\xmlpull-1.1.3.1.jar;C:\Users\Amos Khaled\.m2\repository\org\drools\drools-scenario-simulation-backend\8.44.0.Final\drools-scenario-simulation-backend-8.44.0.Final.jar;C:\Users\Amos Khaled\.m2\repository\org\drools\drools-commands\8.44.0.Final\drools-commands-8.44.0.Final.jar;"/>
    <property name="sun.cpu.endian" value="little"/>
    <property name="user.home" value="C:\Users\Amos Khaled"/>
    <property name="user.language" value="en"/>
    <property name="java.specification.vendor" value="Oracle Corporation"/>
    <property name="java.version.date" value="2023-10-17"/>
    <property name="java.home" value="C:\Program Files\Eclipse Adoptium\jdk-21.0.1.12-hotspot"/>
    <property name="file.separator" value="\"/>
    <property name="basedir" value="C:\Users\Amos Khaled\Desktop\trafficViolationProcess"/>
    <property name="java.vm.compressedOopsMode" value="32-bit"/>
    <property name="line.separator" value="&#10;"/>
    <property name="java.vm.specification.vendor" value="Oracle Corporation"/>
    <property name="java.specification.name" value="Java Platform API Specification"/>
    <property name="surefire.real.class.path" value="C:\Users\AMOSKH~1\AppData\Local\Temp\surefire3383477927624381769\surefirebooter9101965965805879877.jar"/>
    <property name="user.script" value=""/>
    <property name="sun.management.compiler" value="HotSpot 64-Bit Tiered Compilers"/>
    <property name="java.runtime.version" value="21.0.1+12-LTS"/>
    <property name="user.name" value="Amos Khaled"/>
    <property name="stdout.encoding" value="Cp1252"/>
    <property name="path.separator" value=";"/>
    <property name="os.version" value="10.0"/>
    <property name="java.runtime.name" value="OpenJDK Runtime Environment"/>
    <property name="file.encoding" value="UTF-8"/>
    <property name="java.vm.name" value="OpenJDK 64-Bit Server VM"/>
    <property name="java.vendor.version" value="Temurin-21.0.1+12"/>
    <property name="localRepository" value="C:\Users\Amos Khaled\.m2\repository"/>
    <property name="java.vendor.url.bug" value="https://github.com/adoptium/adoptium-support/issues"/>
    <property name="java.io.tmpdir" value="C:\Users\AMOSKH~1\AppData\Local\Temp\"/>
    <property name="java.version" value="21.0.1"/>
    <property name="user.dir" value="C:\Users\Amos Khaled\Desktop\trafficViolationProcess"/>
    <property name="os.arch" value="amd64"/>
    <property name="java.vm.specification.name" value="Java Virtual Machine Specification"/>
    <property name="sun.os.patch.level" value=""/>
    <property name="native.encoding" value="Cp1252"/>
    <property name="java.library.path" value="C:\Program Files\Eclipse Adoptium\jdk-21.0.1.12-hotspot\bin;C:\Windows\Sun\Java\bin;C:\Windows\system32;C:\Windows;C:\Program Files\Common Files\Oracle\Java\javapath;C:\Program Files\Eclipse Adoptium\jdk-21.0.1.12-hotspot\bin;C:\Program Files (x86)\Common Files\Oracle\Java\java8path;C:\Program Files (x86)\Common Files\Oracle\Java\javapath;C:\Windows\system32;C:\Windows;C:\Windows\System32\Wbem;C:\Windows\System32\WindowsPowerShell\v1.0\;C:\Windows\System32\OpenSSH\;C:\Program Files\nodejs\;C:\Program Files\Git\cmd;C:\Users\Amos Khaled\AppData\Local\Programs\IntelliJ IDEA Ultimate\bin;C:\Program Files\Go\bin;C:\Program Files\Eclipse Adoptium\jdk-21.0.1.12-hotspot\bin;C:\Users\Amos Khaled\Documents\MAVEN_HOME\bin;;C:\Program Files\Docker\Docker\resources\bin;C:\Program Files\Red Hat OpenShift Local\;C:\Users\Amos Khaled\AppData\Local\Microsoft\WindowsApps;C:\Users\Amos Khaled\AppData\Local\JetBrains\Toolbox\scripts;C:\Users\Amos Khaled\AppData\Roaming\npm;C:\Users\Amos Khaled\AppData\Local\Programs\Microsoft VS Code\bin;C:\Program Files (x86)\MongoDB Atlas CLI\;C:\Users\Amos Khaled\go\bin;;."/>
    <property name="java.vm.info" value="mixed mode, sharing"/>
    <property name="stderr.encoding" value="Cp1252"/>
    <property name="java.vendor" value="Eclipse Adoptium"/>
    <property name="java.vm.version" value="21.0.1+12-LTS"/>
    <property name="sun.io.unicode.encoding" value="UnicodeLittle"/>
    <property name="java.class.version" value="65.0"/>
  </properties>
  <testcase name="#1: Driver not suspended" classname="org.acme.testscenario.KogitoScenarioJunitActivatorTest" time="2.547"/>
  <testcase name="#2: Driver suspended" classname="org.acme.testscenario.KogitoScenarioJunitActivatorTest" time="0.164"/>
</testsuite>